2025-12-08 09:19:38 [ERROR] Error add product parsedVariants is not defined
2025-12-08 09:19:47 [ERROR] Error add product parsedVariants is not defined
2025-12-08 09:37:20 [ERROR] Error add product req is not defined
2025-12-08 17:29:41 [INFO] null
2025-12-08 17:32:25 [INFO] {
  _id: new ObjectId('692fdf18fc0e1b3379f88574'),
  userId: new ObjectId('692ec0ba637ceaad36642fd5'),
  items: [
    {
      productId: new ObjectId('693653b76f5d64f0ef907497'),
      variantIndex: 0,
      quantity: 1,
      totalPrice: 1000,
      status: 'placed',
      cancellationReason: 'none',
      _id: new ObjectId('6936bca1b9602d8b979d2fde')
    },
    {
      productId: new ObjectId('692ecf8c637ceaad36643118'),
      variantIndex: 0,
      quantity: 1,
      totalPrice: 3200,
      status: 'placed',
      cancellationReason: 'none',
      _id: new ObjectId('6936bcbbb9602d8b979d3026')
    }
  ],
  grandTotal: 0,
  createdAt: 2025-12-03T06:56:24.363Z,
  updatedAt: 2025-12-08T11:55:39.352Z,
  __v: 34
}
2025-12-08 17:32:29 [INFO] {
  _id: new ObjectId('692fdf18fc0e1b3379f88574'),
  userId: new ObjectId('692ec0ba637ceaad36642fd5'),
  items: [
    {
      productId: new ObjectId('693653b76f5d64f0ef907497'),
      variantIndex: 0,
      quantity: 1,
      totalPrice: 1000,
      status: 'placed',
      cancellationReason: 'none',
      _id: new ObjectId('6936bca1b9602d8b979d2fde')
    },
    {
      productId: new ObjectId('692ecf8c637ceaad36643118'),
      variantIndex: 0,
      quantity: 1,
      totalPrice: 3200,
      status: 'placed',
      cancellationReason: 'none',
      _id: new ObjectId('6936bcbbb9602d8b979d3026')
    }
  ],
  grandTotal: 0,
  createdAt: 2025-12-03T06:56:24.363Z,
  updatedAt: 2025-12-08T11:55:39.352Z,
  __v: 34
}
