2025-12-11 15:24:16 [ERROR] loadHomeService Category is not defined
2025-12-11 15:24:16 [ERROR] Home page is not loading: Category is not defined
2025-12-11 15:24:17 [ERROR] loadHomeService Category is not defined
2025-12-11 15:24:17 [ERROR] Home page is not loading: Category is not defined
2025-12-11 15:28:42 [ERROR] loadHomeService Category is not defined
2025-12-11 15:28:42 [ERROR] Home page is not loading: Category is not defined
2025-12-11 15:28:47 [ERROR] loadHomeService Category is not defined
2025-12-11 15:28:47 [ERROR] Home page is not loading: Category is not defined
2025-12-11 15:29:10 [ERROR] loadHomeService Category is not defined
2025-12-11 15:29:10 [ERROR] Home page is not loading: Category is not defined
2025-12-11 15:29:20 [ERROR] login error: bcrypt is not defined
2025-12-11 15:29:35 [ERROR] loadHomeService Category is not defined
2025-12-11 15:29:35 [ERROR] Home page is not loading: Category is not defined
2025-12-11 15:31:25 [ERROR] loadHomeService Category is not defined
2025-12-11 15:31:25 [ERROR] Home page is not loading: Category is not defined
2025-12-11 15:31:31 [ERROR] loadHomeService Category is not defined
2025-12-11 15:31:31 [ERROR] Home page is not loading: Category is not defined
2025-12-11 15:31:32 [ERROR] loadHomeService Category is not defined
2025-12-11 15:31:32 [ERROR] Home page is not loading: Category is not defined
2025-12-11 15:31:33 [ERROR] loadHomeService Category is not defined
2025-12-11 15:31:33 [ERROR] Home page is not loading: Category is not defined
2025-12-11 15:31:34 [ERROR] loadHomeService Category is not defined
2025-12-11 15:31:34 [ERROR] Home page is not loading: Category is not defined
2025-12-11 15:42:08 [ERROR] loadHomeService Category is not defined
2025-12-11 15:42:08 [ERROR] Home page is not loading: Category is not defined
2025-12-11 15:42:08 [ERROR] loadHomeService Category is not defined
2025-12-11 15:42:08 [ERROR] Home page is not loading: Category is not defined
2025-12-11 15:42:49 [ERROR] loadHomeService Category is not defined
2025-12-11 15:42:49 [ERROR] Home page is not loading: Category is not defined
2025-12-11 16:47:31 [ERROR] req is not defined
2025-12-11 17:16:45 [ERROR] req is not defined
2025-12-11 17:16:48 [ERROR] req is not defined
2025-12-11 19:55:24 [ERROR] update details data is not defined
2025-12-11 20:02:14 [ERROR] update details data is not defined
2025-12-11 20:04:15 [ERROR] update details updateUser is not defined
2025-12-11 20:11:45 [ERROR] verifyOtpService error data and salt arguments required
2025-12-11 20:21:25 [ERROR] verifyOtpService error data and salt arguments required
2025-12-11 22:29:24 [ERROR] verifyOtpService error data and salt arguments required
2025-12-11 22:34:45 [ERROR] verifyOtpService error data and salt arguments required
2025-12-11 23:05:10 [INFO] fetched products:
2025-12-11 23:08:00 [INFO] fetched products:
2025-12-11 23:10:01 [INFO] fetched products:
2025-12-11 23:10:49 [INFO] fetched products:
2025-12-11 23:12:15 [INFO] 692ec9b3637ceaad3664302d
2025-12-11 23:12:15 [INFO] fetched products:
2025-12-11 23:22:20 [INFO] [object Undefined]
2025-12-11 23:27:38 [INFO] 692ec9b3637ceaad3664302d
2025-12-11 23:27:38 [INFO] fetched products:
2025-12-11 23:38:36 [INFO] 692ec9b3637ceaad3664302d
2025-12-11 23:38:36 [INFO] fetched products:
2025-12-11 23:39:10 [INFO] 692ec98e637ceaad36643020
2025-12-11 23:39:10 [INFO] fetched products:
